-------------------------------------------------------------------------------
Test set: org.praxisplatform.uischema.controller.base.AbstractCrudControllerLinksTest
-------------------------------------------------------------------------------
Tests run: 2, Failures: 2, Errors: 0, Skipped: 0, Time elapsed: 19.83 s <<< FAILURE! -- in org.praxisplatform.uischema.controller.base.AbstractCrudControllerLinksTest
org.praxisplatform.uischema.controller.base.AbstractCrudControllerLinksTest.getAllIncludesSchemaTypeResponse -- Time elapsed: 0.666 s <<< FAILURE!
java.lang.AssertionError: Status expected:<200> but was:<404>
	at org.springframework.test.util.AssertionErrors.fail(AssertionErrors.java:59)
	at org.springframework.test.util.AssertionErrors.assertEquals(AssertionErrors.java:122)
	at org.springframework.test.web.servlet.result.StatusResultMatchers.lambda$matcher$9(StatusResultMatchers.java:637)
	at org.springframework.test.web.servlet.MockMvc$1.andExpect(MockMvc.java:214)
	at org.praxisplatform.uischema.controller.base.AbstractCrudControllerLinksTest.getAllIncludesSchemaTypeResponse(AbstractCrudControllerLinksTest.java:38)
	at java.base/java.lang.reflect.Method.invoke(Method.java:580)
	at java.base/java.util.ArrayList.forEach(ArrayList.java:1596)
	at java.base/java.util.ArrayList.forEach(ArrayList.java:1596)

org.praxisplatform.uischema.controller.base.AbstractCrudControllerLinksTest.filterIncludesSchemaTypeRequestAndResponse -- Time elapsed: 0.049 s <<< FAILURE!
java.lang.AssertionError: Status expected:<200> but was:<404>
	at org.springframework.test.util.AssertionErrors.fail(AssertionErrors.java:59)
	at org.springframework.test.util.AssertionErrors.assertEquals(AssertionErrors.java:122)
	at org.springframework.test.web.servlet.result.StatusResultMatchers.lambda$matcher$9(StatusResultMatchers.java:637)
	at org.springframework.test.web.servlet.MockMvc$1.andExpect(MockMvc.java:214)
	at org.praxisplatform.uischema.controller.base.AbstractCrudControllerLinksTest.filterIncludesSchemaTypeRequestAndResponse(AbstractCrudControllerLinksTest.java:48)
	at java.base/java.lang.reflect.Method.invoke(Method.java:580)
	at java.base/java.util.ArrayList.forEach(ArrayList.java:1596)
	at java.base/java.util.ArrayList.forEach(ArrayList.java:1596)

