-------------------------------------------------------------------------------
Test set: org.praxisplatform.uischema.controller.base.AbstractReadOnlyControllerLinksTest
-------------------------------------------------------------------------------
Tests run: 3, Failures: 3, Errors: 0, Skipped: 0, Time elapsed: 2.679 s <<< FAILURE! -- in org.praxisplatform.uischema.controller.base.AbstractReadOnlyControllerLinksTest
org.praxisplatform.uischema.controller.base.AbstractReadOnlyControllerLinksTest.getAll_omitsWriteLinks -- Time elapsed: 0.038 s <<< FAILURE!
java.lang.AssertionError: Status expected:<200> but was:<404>
	at org.springframework.test.util.AssertionErrors.fail(AssertionErrors.java:59)
	at org.springframework.test.util.AssertionErrors.assertEquals(AssertionErrors.java:122)
	at org.springframework.test.web.servlet.result.StatusResultMatchers.lambda$matcher$9(StatusResultMatchers.java:637)
	at org.springframework.test.web.servlet.MockMvc$1.andExpect(MockMvc.java:214)
	at org.praxisplatform.uischema.controller.base.AbstractReadOnlyControllerLinksTest.getAll_omitsWriteLinks(AbstractReadOnlyControllerLinksTest.java:76)
	at java.base/java.lang.reflect.Method.invoke(Method.java:580)
	at java.base/java.util.ArrayList.forEach(ArrayList.java:1596)
	at java.base/java.util.ArrayList.forEach(ArrayList.java:1596)

org.praxisplatform.uischema.controller.base.AbstractReadOnlyControllerLinksTest.writeOperations_return405 -- Time elapsed: 0.045 s <<< FAILURE!
java.lang.AssertionError: Status expected:<405> but was:<404>
	at org.springframework.test.util.AssertionErrors.fail(AssertionErrors.java:59)
	at org.springframework.test.util.AssertionErrors.assertEquals(AssertionErrors.java:122)
	at org.springframework.test.web.servlet.result.StatusResultMatchers.lambda$matcher$9(StatusResultMatchers.java:637)
	at org.springframework.test.web.servlet.MockMvc$1.andExpect(MockMvc.java:214)
	at org.praxisplatform.uischema.controller.base.AbstractReadOnlyControllerLinksTest.writeOperations_return405(AbstractReadOnlyControllerLinksTest.java:97)
	at java.base/java.lang.reflect.Method.invoke(Method.java:580)
	at java.base/java.util.ArrayList.forEach(ArrayList.java:1596)
	at java.base/java.util.ArrayList.forEach(ArrayList.java:1596)

org.praxisplatform.uischema.controller.base.AbstractReadOnlyControllerLinksTest.getById_omitsWriteLinks -- Time elapsed: 0.039 s <<< FAILURE!
java.lang.AssertionError: Status expected:<200> but was:<404>
	at org.springframework.test.util.AssertionErrors.fail(AssertionErrors.java:59)
	at org.springframework.test.util.AssertionErrors.assertEquals(AssertionErrors.java:122)
	at org.springframework.test.web.servlet.result.StatusResultMatchers.lambda$matcher$9(StatusResultMatchers.java:637)
	at org.springframework.test.web.servlet.MockMvc$1.andExpect(MockMvc.java:214)
	at org.praxisplatform.uischema.controller.base.AbstractReadOnlyControllerLinksTest.getById_omitsWriteLinks(AbstractReadOnlyControllerLinksTest.java:87)
	at java.base/java.lang.reflect.Method.invoke(Method.java:580)
	at java.base/java.util.ArrayList.forEach(ArrayList.java:1596)
	at java.base/java.util.ArrayList.forEach(ArrayList.java:1596)

